<?xml version="1.0" encoding="UTF-8"?>
<testng-results skipped="0" failed="0" ignored="0" total="1" passed="1">
  <reporter-output>
  </reporter-output>
  <suite name="Default suite" duration-ms="25227" started-at="2018-04-04T09:51:57Z" finished-at="2018-04-04T09:52:23Z">
    <groups>
    </groups>
    <test name="Default test" duration-ms="25227" started-at="2018-04-04T09:51:57Z" finished-at="2018-04-04T09:52:23Z">
      <class name="Singleton.SingleTon_TestNG">
        <test-method status="PASS" signature="setup()[pri:0, instance:Singleton.SingleTon_TestNG@46d56d67]" name="setup" is-config="true" duration-ms="18313" started-at="2018-04-04T15:21:57Z" finished-at="2018-04-04T15:22:16Z">
          <reporter-output>
          </reporter-output>
        </test-method> <!-- setup -->
        <test-method status="PASS" signature="testMethod()[pri:0, instance:Singleton.SingleTon_TestNG@46d56d67]" name="testMethod" duration-ms="4310" started-at="2018-04-04T15:22:16Z" finished-at="2018-04-04T15:22:20Z">
          <reporter-output>
          </reporter-output>
        </test-method> <!-- testMethod -->
        <test-method status="PASS" signature="tearDown()[pri:0, instance:Singleton.SingleTon_TestNG@46d56d67]" name="tearDown" is-config="true" duration-ms="2536" started-at="2018-04-04T15:22:20Z" finished-at="2018-04-04T15:22:23Z">
          <reporter-output>
          </reporter-output>
        </test-method> <!-- tearDown -->
      </class> <!-- Singleton.SingleTon_TestNG -->
    </test> <!-- Default test -->
  </suite> <!-- Default suite -->
</testng-results>
